<?xml version="1.0" encoding="UTF-8"?>
<testsuite name="com.nikita.trello.tests.ChangeAvatarTest" tests="1" skipped="0" failures="0" errors="0" timestamp="2020-02-05T16:59:35" hostname="DESKTOP-HJPIJTH" time="85.471">
  <properties/>
  <testcase name="testChangeAvatar" classname="com.nikita.trello.tests.ChangeAvatarTest" time="85.471"/>
  <system-out><![CDATA[18:58:56.312 [Test worker] INFO  com.nikita.trello.tests.TestBase - Start test : testChangeAvatar with parameters []
18:59:35.620 [Test worker] INFO  com.nikita.trello.tests.TestBase - avatar before
18:59:35.698 [Test worker] INFO  com.nikita.trello.utils.Listener - 
Created screenshot : C:\Users\sh_ni\Documents\GitHub\SeleniumTests_Trello_Shirman\src\test\screenshots\screen-1580921975690.png
19:01:00.944 [Test worker] INFO  com.nikita.trello.tests.TestBase - avatar after:
19:01:01.090 [Test worker] INFO  com.nikita.trello.utils.Listener - 
Created screenshot : C:\Users\sh_ni\Documents\GitHub\SeleniumTests_Trello_Shirman\src\test\screenshots\screen-1580922061062.png
19:01:01.092 [Test worker] INFO  com.nikita.trello.tests.TestBase - Stop test : testChangeAvatar
]]></system-out>
  <system-err><![CDATA[]]></system-err>
</testsuite>
